# JRE version: OpenJDK Runtime Environment (11.0.10) (build 11.0.10+0-b96-7249189)
# Java VM: OpenJDK 64-Bit Server VM (11.0.10+0-b96-7249189, mixed mode, tiered, compressed oops, g1 gc, windows-amd64)
Heap:
 garbage-first heap   total 227328K, used 178517K [0x0000000080000000, 0x0000000100000000)
  region size 1024K, 66 young (67584K), 1 survivors (1024K)
 Metaspace       used 118126K, capacity 121339K, committed 121508K, reserved 1155072K
  class space    used 14657K, capacity 15821K, committed 15872K, reserved 1048576K
GC Heap History (20 events):
Event: 113.635 GC heap before
{Heap before GC invocations=93 (full 0):
 garbage-first heap   total 227328K, used 193374K [0x0000000080000000, 0x0000000100000000)
  region size 1024K, 91 young (93184K), 8 survivors (8192K)
 Metaspace       used 103669K, capacity 106381K, committed 106532K, reserved 1142784K
  class space    used 12935K, capacity 13852K, committed 13952K, reserved 1048576K
}
Event: 113.645 GC heap after
{Heap after GC invocations=94 (full 0):
 garbage-first heap   total 227328K, used 110248K [0x0000000080000000, 0x0000000100000000)
  region size 1024K, 5 young (5120K), 5 survivors (5120K)
 Metaspace       used 103669K, capacity 106381K, committed 106532K, reserved 1142784K
  class space    used 12935K, capacity 13852K, committed 13952K, reserved 1048576K
}
Event: 116.093 GC heap before
{Heap before GC invocations=95 (full 0):
 garbage-first heap   total 227328K, used 195240K [0x0000000080000000, 0x0000000100000000)
  region size 1024K, 88 young (90112K), 5 survivors (5120K)
 Metaspace       used 104501K, capacity 107205K, committed 107300K, reserved 1142784K
  class space    used 13011K, capacity 13929K, committed 13952K, reserved 1048576K
}
Event: 116.098 GC heap after
{Heap after GC invocations=96 (full 0):
 garbage-first heap   total 227328K, used 110610K [0x0000000080000000, 0x0000000100000000)
  region size 1024K, 5 young (5120K), 5 survivors (5120K)
 Metaspace       used 104501K, capacity 107205K, committed 107300K, reserved 1142784K
  class space    used 13011K, capacity 13929K, committed 13952K, reserved 1048576K
}
Event: 126.901 GC heap before
{Heap before GC invocations=96 (full 0):
 garbage-first heap   total 227328K, used 195602K [0x0000000080000000, 0x0000000100000000)
  region size 1024K, 88 young (90112K), 5 survivors (5120K)
 Metaspace       used 108352K, capacity 111173K, committed 111268K, reserved 1146880K
  class space    used 13552K, capacity 14557K, committed 14592K, reserved 1048576K
}
Event: 126.911 GC heap after
{Heap after GC invocations=97 (full 0):
 garbage-first heap   total 227328K, used 111608K [0x0000000080000000, 0x0000000100000000)
  region size 1024K, 6 young (6144K), 6 survivors (6144K)
 Metaspace       used 108352K, capacity 111173K, committed 111268K, reserved 1146880K
  class space    used 13552K, capacity 14557K, committed 14592K, reserved 1048576K
}
Event: 1671.055 GC heap before
{Heap before GC invocations=98 (full 0):
 garbage-first heap   total 227328K, used 194552K [0x0000000080000000, 0x0000000100000000)
  region size 1024K, 88 young (90112K), 6 survivors (6144K)
 Metaspace       used 111471K, capacity 114415K, committed 114468K, reserved 1148928K
  class space    used 13939K, capacity 14972K, committed 14976K, reserved 1048576K
}
Event: 1671.067 GC heap after
{Heap after GC invocations=99 (full 0):
 garbage-first heap   total 227328K, used 113713K [0x0000000080000000, 0x0000000100000000)
  region size 1024K, 8 young (8192K), 8 survivors (8192K)
 Metaspace       used 111471K, capacity 114415K, committed 114468K, reserved 1148928K
  class space    used 13939K, capacity 14972K, committed 14976K, reserved 1048576K
}
Event: 1672.723 GC heap before
{Heap before GC invocations=99 (full 0):
 garbage-first heap   total 227328K, used 193585K [0x0000000080000000, 0x0000000100000000)
  region size 1024K, 87 young (89088K), 8 survivors (8192K)
 Metaspace       used 112545K, capacity 115613K, committed 115748K, reserved 1150976K
  class space    used 14058K, capacity 15164K, committed 15232K, reserved 1048576K
}
Event: 1672.742 GC heap after
{Heap after GC invocations=100 (full 0):
 garbage-first heap   total 227328K, used 119211K [0x0000000080000000, 0x0000000100000000)
  region size 1024K, 11 young (11264K), 11 survivors (11264K)
 Metaspace       used 112545K, capacity 115613K, committed 115748K, reserved 1150976K
  class space    used 14058K, capacity 15164K, committed 15232K, reserved 1048576K
}
Event: 1673.268 GC heap before
{Heap before GC invocations=101 (full 0):
 garbage-first heap   total 227328K, used 190891K [0x0000000080000000, 0x0000000100000000)
  region size 1024K, 82 young (83968K), 11 survivors (11264K)
 Metaspace       used 112730K, capacity 115845K, committed 116004K, reserved 1150976K
  class space    used 14084K, capacity 15208K, committed 15232K, reserved 1048576K
}
Event: 1673.281 GC heap after
{Heap after GC invocations=102 (full 0):
 garbage-first heap   total 227328K, used 116834K [0x0000000080000000, 0x0000000100000000)
  region size 1024K, 2 young (2048K), 2 survivors (2048K)
 Metaspace       used 112730K, capacity 115845K, committed 116004K, reserved 1150976K
  class space    used 14084K, capacity 15208K, committed 15232K, reserved 1048576K
}
Event: 1906.048 GC heap before
{Heap before GC invocations=102 (full 0):
 garbage-first heap   total 227328K, used 190562K [0x0000000080000000, 0x0000000100000000)
  region size 1024K, 75 young (76800K), 2 survivors (2048K)
 Metaspace       used 113086K, capacity 116253K, committed 116388K, reserved 1150976K
  class space    used 14100K, capacity 15237K, committed 15360K, reserved 1048576K
}
Event: 1906.062 GC heap after
{Heap after GC invocations=103 (full 0):
 garbage-first heap   total 227328K, used 121597K [0x0000000080000000, 0x0000000100000000)
  region size 1024K, 7 young (7168K), 7 survivors (7168K)
 Metaspace       used 113086K, capacity 116253K, committed 116388K, reserved 1150976K
  class space    used 14100K, capacity 15237K, committed 15360K, reserved 1048576K
}
Event: 1907.436 GC heap before
{Heap before GC invocations=104 (full 0):
 garbage-first heap   total 227328K, used 191229K [0x0000000080000000, 0x0000000100000000)
  region size 1024K, 75 young (76800K), 7 survivors (7168K)
 Metaspace       used 113252K, capacity 116361K, committed 116644K, reserved 1150976K
  class space    used 14120K, capacity 15273K, committed 15360K, reserved 1048576K
}
Event: 1907.443 GC heap after
{Heap after GC invocations=105 (full 0):
 garbage-first heap   total 227328K, used 119499K [0x0000000080000000, 0x0000000100000000)
  region size 1024K, 1 young (1024K), 1 survivors (1024K)
 Metaspace       used 113252K, capacity 116361K, committed 116644K, reserved 1150976K
  class space    used 14120K, capacity 15273K, committed 15360K, reserved 1048576K
}
Event: 1907.579 GC heap before
{Heap before GC invocations=105 (full 0):
 garbage-first heap   total 227328K, used 128715K [0x0000000080000000, 0x0000000100000000)
  region size 1024K, 11 young (11264K), 1 survivors (1024K)
 Metaspace       used 113252K, capacity 116361K, committed 116644K, reserved 1150976K
  class space    used 14120K, capacity 15273K, committed 15360K, reserved 1048576K
}
Event: 1907.583 GC heap after
{Heap after GC invocations=106 (full 0):
 garbage-first heap   total 227328K, used 114067K [0x0000000080000000, 0x0000000100000000)
  region size 1024K, 1 young (1024K), 1 survivors (1024K)
 Metaspace       used 113252K, capacity 116361K, committed 116644K, reserved 1150976K
  class space    used 14120K, capacity 15273K, committed 15360K, reserved 1048576K
}
Event: 1908.533 GC heap before
{Heap before GC invocations=106 (full 0):
 garbage-first heap   total 227328K, used 190867K [0x0000000080000000, 0x0000000100000000)
  region size 1024K, 76 young (77824K), 1 survivors (1024K)
 Metaspace       used 113461K, capacity 116558K, committed 116644K, reserved 1150976K
  class space    used 14143K, capacity 15274K, committed 15360K, reserved 1048576K
}
Event: 1908.536 GC heap after
{Heap after GC invocations=107 (full 0):
 garbage-first heap   total 227328K, used 114005K [0x0000000080000000, 0x0000000100000000)
  region size 1024K, 1 young (1024K), 1 survivors (1024K)
 Metaspace       used 113461K, capacity 116558K, committed 116644K, reserved 1150976K
  class space    used 14143K, capacity 15274K, committed 15360K, reserved 1048576K
}

